[2026-03-20T23:06:35.186Z] Row 1 (try 1/3): locator.waitFor: Timeout 10000ms exceeded.
Call log:
[2m  - waiting for getByRole('textbox', { name: 'Load Number' }).first() to be visible[22m
[2m    2 ├ù waiting for" https://login.microsoftonline.com/40be1c50-0d39-43d0-8fdb-e078758afa2a/oauth2/v2.0/authorize?client_id=d8eb8a27-fc9b-4de2-a590-9f5854179143&scope=api%3A%2F%2F9e417e74-67cc-492b-85f0-2c51c3c75990%2FReÔÇª" navigation to finish...[22m
[2m      - navigated to "https://login.microsoftonline.com/40be1c50-0d39-43d0-8fdb-e078758afa2a/oauth2/v2.0/authorize?client_id=d8eb8a27-fc9b-4de2-a590-9f5854179143&scope=api%3A%2F%2F9e417e74-67cc-492b-85f0-2c51c3c75990%2FReÔÇª"[22m
, retrying...
[2026-03-20T23:06:45.324Z] Row 1 (try 2/3): locator.waitFor: Timeout 10000ms exceeded.
Call log:
[2m  - waiting for getByRole('textbox', { name: 'Load Number' }).first() to be visible[22m
[2m    - waiting for" https://login.microsoftonline.com/40be1c50-0d39-43d0-8fdb-e078758afa2a/oauth2/v2.0/authorize?client_id=d8eb8a27-fc9b-4de2-a590-9f5854179143&scope=api%3A%2F%2F9e417e74-67cc-492b-85f0-2c51c3c75990%2FReÔÇª" navigation to finish...[22m
[2m    - navigated to "https://login.microsoftonline.com/40be1c50-0d39-43d0-8fdb-e078758afa2a/oauth2/v2.0/authorize?client_id=d8eb8a27-fc9b-4de2-a590-9f5854179143&scope=api%3A%2F%2F9e417e74-67cc-492b-85f0-2c51c3c75990%2FReÔÇª"[22m
, retrying...
[2026-03-20T23:18:53.039Z] Row 1: FAILED (missing or invalid required fields) Brand [Load Record 9272960, Item 1]
[2026-03-20T23:19:04.126Z] Row 2: FAILED (condition not selected) [Load Record 9232356, Item 3809]
[2026-03-20T23:19:15.931Z] Row 3: FAILED (missing or invalid required fields) Brand, Material, Shipping Weight [Load Record 9252202, Item 137531]
[2026-03-20T23:19:22.334Z] Row 4: FAILED (missing or invalid required fields) Brand, Material, Shipping Weight [Load Record 9252202, Item 137653]
[2026-03-20T23:19:28.624Z] Row 5: FAILED (missing or invalid required fields) Brand, Material, Shipping Weight [Load Record 9252543, Item 208362]
[2026-03-20T23:19:39.704Z] Row 6: FAILED (missing or invalid required fields) Shipping Weight [Load Record 9252043, Item 52684]
[2026-03-20T23:19:45.871Z] Row 7: FAILED (missing or invalid required fields) Shipping Weight [Load Record 9262475, Item 52282]
[2026-03-20T23:19:56.928Z] Row 8: FAILED (unrecognized) (no toast) [Load Record 9272960, Item 2]
[2026-03-20T23:20:08.020Z] Row 9: FAILED (missing or invalid required fields) Brand, Material, Shipping Weight [Load Record 9252041, Item 52738]
[2026-03-20T23:20:14.288Z] Row 10: FAILED (missing or invalid required fields) Brand, Material, Shipping Weight [Load Record 9252202, Item 137512]
[2026-03-20T23:20:20.585Z] Row 11: FAILED (missing or invalid required fields) Brand, Material, Shipping Weight [Load Record 9252202, Item 137537]
